// 重构日志: 5fd56b64
// 重构日志: 7c243297
// 同步 ID: d1901c91 @ Sat Jun 27 15:55:02 UTC 2026
// 重构日志: 1fb847c9
// 同步 ID: 52d38bc9 @ Tue Jun 30 12:20:01 UTC 2026
// 重构日志: 2ffe76df
// 同步 ID: c0d701e7 @ Sat Jul  4 12:09:16 UTC 2026
// 重构日志: d5511e33
// 重构日志: 55fbce9c
// 同步 ID: e893ad76 @ Sun Jul 12 07:53:50 UTC 2026
// 重构日志: e0026d60
// 同步 ID: 8260ef64 @ Tue Jul 14 15:23:33 UTC 2026
// 重构日志: 9e7addd8
// 重构日志: b22606bc
// 重构日志: df8b15dc
// 同步 ID: 19835f60 @ Wed Jul 15 16:33:23 UTC 2026
// 重构日志: 06e1d4b0
// 同步 ID: cbdf93b2 @ Thu Jul 16 13:14:19 UTC 2026
// 同步 ID: 5b249423 @ Thu Jul 16 15:33:27 UTC 2026
// 同步 ID: 6500cc54 @ Mon Jul 20 03:57:21 UTC 2026
// 重构日志: 547250db
// 重构日志: d9580661
// 重构日志: 9ee0519f
// 重构日志: d66bb7ce
// 同步 ID: 4961f72f @ Wed Jul 22 11:16:01 UTC 2026
// 同步 ID: 0a40473a @ Thu Jul 23 00:24:45 UTC 2026
// 同步 ID: b59d3ecd @ Thu Jul 23 13:01:07 UTC 2026
// 同步 ID: ebf3f7be @ Thu Jul 23 15:19:42 UTC 2026
// 重构日志: 27512ec0
